<?xml version="1.0" encoding="UTF-8" ?>
<testsuite tests="23" failures="0" name="mct.testRunner.Run_Cucumber_Test" time="4.572" errors="0" skipped="0">
  <properties>
[...]
</properties>
  <testcase classname="Scenario: Successfull login" name="Given I open browser chrome" time="0"/>
  <testcase classname="Scenario: Successfull login" name="And I land on multicart landing page" time="0"/>
  <testcase classname="Scenario: Successfull login" name="When I complete login with James valid credentails" time="0"/>
  <testcase classname="Scenario: Successfull login" name="Then I expect to seee profile Name as James Williams" time="0"/>
  <testcase classname="Scenario: Successfull login" name="Scenario: Successfull login" time="4.105"/>
  <testcase classname="Scenario: My Account options are available" name="Given I open browser chrome" time="0"/>
  <testcase classname="Scenario: My Account options are available" name="And I land on multicart landing page" time="0"/>
  <testcase classname="Scenario: My Account options are available" name="And I complete login with James valid credentails" time="0"/>
  <testcase classname="Scenario: My Account options are available" name="And I navigate to my account page" time="0"/>
  <testcase classname="Scenario: My Account options are available" name="Then I see all my account options available" time="0"/>
  <testcase classname="Scenario: My Account options are available" name="Scenario: My Account options are available" time="0.167"/>
  <testcase classname="Scenario: Can be navigate to all options pages" name="Given I open browser chrome" time="0"/>
  <testcase classname="Scenario: Can be navigate to all options pages" name="And I land on multicart landing page" time="0"/>
  <testcase classname="Scenario: Can be navigate to all options pages" name="And I complete login with James valid credentails" time="0"/>
  <testcase classname="Scenario: Can be navigate to all options pages" name="And I navigate to my account page" time="0"/>
  <testcase classname="Scenario: Can be navigate to all options pages" name="Then I expect all options links are working" time="0"/>
  <testcase classname="Scenario: Can be navigate to all options pages" name="Scenario: Can be navigate to all options pages" time="0.159"/>
  <testcase classname="Scenario: Successfull registration" name="Given I open browser chrome" time="0"/>
  <testcase classname="Scenario: Successfull registration" name="And I land on multicart landing page" time="0"/>
  <testcase classname="Scenario: Successfull registration" name="And I navigate to Registration Page" time="0"/>
  <testcase classname="Scenario: Successfull registration" name="When I complete registration for MR FNAME" time="0"/>
  <testcase classname="Scenario: Successfull registration" name="Then I expect to seee profile Name MR FNAME" time="0"/>
  <testcase classname="Scenario: Successfull registration" name="Scenario: Successfull registration" time="0.141"/>
</testsuite>